TN:
SF:src/modules/appointments/services/CreateAppointmentService.ts
FN:41,__decorate
FN:41,__metadata
FN:41,__param
FN:41,__awaiter
FN:41,adopt
FN:41,fulfilled
FN:41,rejected
FN:41,step
FN:41,__generator
FN:41,sent
FN:41,g.<computed>
FN:41,verb
FN:41,step
FN:41,__importDefault
FN:16,CreateAppointmentService
FN:21,CreateAppointmentService.execute
FNF:16
FNH:14
FNDA:1,__decorate
FNDA:1,__metadata
FNDA:1,__param
FNDA:3,__awaiter
FNDA:3,adopt
FNDA:3,fulfilled
FNDA:0,rejected
FNDA:5,step
FNDA:3,__generator
FNDA:3,sent
FNDA:0,g.<computed>
FNDA:9,verb
FNDA:6,step
FNDA:1,__importDefault
FNDA:2,CreateAppointmentService
FNDA:3,CreateAppointmentService.execute
DA:1,1
DA:2,1
DA:3,1
DA:4,1
DA:5,1
DA:6,1
DA:7,1
DA:8,1
DA:9,1
DA:10,1
DA:11,1
DA:12,1
DA:13,1
DA:14,1
DA:15,1
DA:16,1
DA:17,2
DA:18,2
DA:19,2
DA:20,1
DA:21,1
DA:22,3
DA:23,3
DA:24,3
DA:25,3
DA:26,3
DA:27,3
DA:28,3
DA:29,1
DA:30,1
DA:31,2
DA:32,2
DA:33,2
DA:34,2
DA:35,2
DA:36,2
DA:37,2
DA:38,3
DA:39,1
DA:40,1
DA:41,1
LF:41
LH:41
BRDA:41,0,0,1
BRDA:41,1,0,1
BRDA:41,2,0,0
BRDA:41,3,0,0
BRDA:41,4,0,0
BRDA:41,5,0,0
BRDA:41,6,0,1
BRDA:41,7,0,1
BRDA:41,8,0,1
BRDA:41,9,0,3
BRDA:41,10,0,3
BRDA:41,11,0,0
BRDA:41,12,0,3
BRDA:41,13,0,3
BRDA:41,14,0,1
BRDA:41,15,0,5
BRDA:41,16,0,2
BRDA:41,17,0,3
BRDA:41,18,0,3
BRDA:41,19,0,3
BRDA:41,20,0,0
BRDA:41,21,0,9
BRDA:41,22,0,6
BRDA:41,23,0,6
BRDA:41,24,0,0
BRDA:41,25,0,12
BRDA:41,26,0,0
BRDA:41,27,0,0
BRDA:41,28,0,0
BRDA:41,29,0,0
BRDA:41,30,0,6
BRDA:41,31,0,6
BRDA:41,32,0,3
BRDA:41,33,0,0
BRDA:41,34,0,0
BRDA:41,35,0,3
BRDA:41,36,0,0
BRDA:41,37,0,2
BRDA:41,38,0,0
BRDA:41,39,0,0
BRDA:41,40,0,0
BRDA:41,41,0,0
BRDA:41,42,0,6
BRDA:41,43,0,1
BRDA:41,44,0,6
BRDA:41,45,0,3
BRDA:41,46,0,1
BRDA:41,47,0,2
BRDA:41,48,0,0
BRDA:41,49,0,1
BRDA:41,50,0,0
BRDA:15,51,0,1
BRDA:16,52,0,2
BRDA:21,53,0,3
BRDA:41,54,0,3
BRDA:41,55,0,6
BRDA:41,56,0,3
BRDA:41,57,0,3
BRDA:28,58,0,1
BRDA:30,59,0,2
BRF:60
BRH:40
end_of_record
TN:
SF:src/modules/users/services/AuthenticateUserService.ts
FN:58,__decorate
FN:58,__metadata
FN:58,__param
FN:58,__awaiter
FN:58,adopt
FN:58,fulfilled
FN:58,rejected
FN:58,step
FN:58,__generator
FN:58,sent
FN:58,g.<computed>
FN:58,verb
FN:58,step
FN:58,__importDefault
FN:23,AuthenticateUserService
FN:31,AuthenticateUserService.execute
FNF:16
FNH:14
FNDA:1,__decorate
FNDA:1,__metadata
FNDA:2,__param
FNDA:3,__awaiter
FNDA:5,adopt
FNDA:5,fulfilled
FNDA:0,rejected
FNDA:6,step
FNDA:3,__generator
FNDA:5,sent
FNDA:0,g.<computed>
FNDA:9,verb
FNDA:8,step
FNDA:2,__importDefault
FNDA:3,AuthenticateUserService
FNDA:3,AuthenticateUserService.execute
DA:1,1
DA:2,1
DA:3,1
DA:4,1
DA:5,1
DA:6,1
DA:7,1
DA:8,1
DA:9,1
DA:10,1
DA:11,1
DA:12,1
DA:13,1
DA:14,1
DA:15,1
DA:16,1
DA:17,1
DA:18,1
DA:19,1
DA:20,1
DA:21,1
DA:22,1
DA:23,1
DA:24,3
DA:25,3
DA:26,3
DA:27,3
DA:28,3
DA:29,3
DA:30,1
DA:31,1
DA:32,3
DA:33,3
DA:34,3
DA:35,1
DA:36,1
DA:37,2
DA:38,2
DA:39,2
DA:40,2
DA:41,2
DA:42,3
DA:43,3
DA:44,1
DA:45,1
DA:46,1
DA:47,1
DA:48,1
DA:49,1
DA:50,1
DA:51,1
DA:52,1
DA:53,1
DA:54,1
DA:55,3
DA:56,1
DA:57,1
DA:58,1
LF:58
LH:58
BRDA:58,0,0,1
BRDA:58,1,0,1
BRDA:58,2,0,0
BRDA:58,3,0,0
BRDA:58,4,0,0
BRDA:58,5,0,0
BRDA:58,6,0,1
BRDA:58,7,0,2
BRDA:58,8,0,2
BRDA:58,9,0,3
BRDA:58,10,0,5
BRDA:58,11,0,0
BRDA:58,12,0,3
BRDA:58,13,0,5
BRDA:58,14,0,2
BRDA:58,15,0,6
BRDA:58,16,0,1
BRDA:58,17,0,5
BRDA:58,18,0,3
BRDA:58,19,0,5
BRDA:58,20,0,0
BRDA:58,21,0,9
BRDA:58,22,0,8
BRDA:58,23,0,8
BRDA:58,24,0,0
BRDA:58,25,0,16
BRDA:58,26,0,0
BRDA:58,27,0,0
BRDA:58,28,0,0
BRDA:58,29,0,0
BRDA:58,30,0,8
BRDA:58,31,0,8
BRDA:58,32,0,5
BRDA:58,33,0,0
BRDA:58,34,0,0
BRDA:58,35,0,3
BRDA:58,36,0,0
BRDA:58,37,0,1
BRDA:58,38,0,0
BRDA:58,39,0,0
BRDA:58,40,0,0
BRDA:58,41,0,0
BRDA:58,42,0,8
BRDA:58,43,0,2
BRDA:58,44,0,8
BRDA:58,45,0,3
BRDA:58,46,0,2
BRDA:58,47,0,1
BRDA:58,48,0,0
BRDA:58,49,0,2
BRDA:58,50,0,0
BRDA:22,51,0,1
BRDA:23,52,0,3
BRDA:31,53,0,3
BRDA:58,54,0,3
BRDA:58,55,0,8
BRDA:32,56,0,3
BRDA:58,57,0,3
BRDA:34,58,0,1
BRDA:36,59,0,2
BRDA:58,60,0,2
BRDA:43,61,0,1
BRF:62
BRH:42
end_of_record
TN:
SF:src/modules/users/services/CreateUserService.ts
FN:44,__decorate
FN:44,__metadata
FN:44,__param
FN:44,__awaiter
FN:44,adopt
FN:44,fulfilled
FN:44,rejected
FN:44,step
FN:44,__generator
FN:44,sent
FN:44,g.<computed>
FN:44,verb
FN:44,step
FN:44,__importDefault
FN:17,CreateUserService
FN:25,CreateUserService.execute
FNF:16
FNH:14
FNDA:2,__decorate
FNDA:2,__metadata
FNDA:4,__param
FNDA:5,__awaiter
FNDA:13,adopt
FNDA:13,fulfilled
FNDA:0,rejected
FNDA:17,step
FNDA:5,__generator
FNDA:13,sent
FNDA:0,g.<computed>
FNDA:15,verb
FNDA:18,step
FNDA:2,__importDefault
FNDA:4,CreateUserService
FNDA:5,CreateUserService.execute
DA:1,1
DA:2,1
DA:3,1
DA:4,1
DA:5,1
DA:6,1
DA:7,1
DA:8,1
DA:9,1
DA:10,1
DA:11,1
DA:12,1
DA:13,1
DA:14,1
DA:15,1
DA:16,2
DA:17,2
DA:18,4
DA:19,4
DA:20,4
DA:21,4
DA:22,4
DA:23,4
DA:24,2
DA:25,2
DA:26,5
DA:27,5
DA:28,5
DA:29,1
DA:30,1
DA:31,4
DA:32,4
DA:33,5
DA:34,5
DA:35,5
DA:36,5
DA:37,5
DA:38,5
DA:39,5
DA:40,5
DA:41,5
DA:42,2
DA:43,1
DA:44,1
LF:44
LH:44
BRDA:44,0,0,2
BRDA:44,1,0,2
BRDA:44,2,0,0
BRDA:44,3,0,0
BRDA:44,4,0,0
BRDA:44,5,0,0
BRDA:44,6,0,2
BRDA:44,7,0,4
BRDA:44,8,0,4
BRDA:44,9,0,5
BRDA:44,10,0,13
BRDA:44,11,0,0
BRDA:44,12,0,5
BRDA:44,13,0,13
BRDA:44,14,0,1
BRDA:44,15,0,17
BRDA:44,16,0,4
BRDA:44,17,0,13
BRDA:44,18,0,5
BRDA:44,19,0,13
BRDA:44,20,0,0
BRDA:44,21,0,15
BRDA:44,22,0,18
BRDA:44,23,0,18
BRDA:44,24,0,0
BRDA:44,25,0,36
BRDA:44,26,0,0
BRDA:44,27,0,0
BRDA:44,28,0,0
BRDA:44,29,0,0
BRDA:44,30,0,18
BRDA:44,31,0,18
BRDA:44,32,0,13
BRDA:44,33,0,0
BRDA:44,34,0,0
BRDA:44,35,0,5
BRDA:44,36,0,0
BRDA:44,37,0,4
BRDA:44,38,0,0
BRDA:44,39,0,0
BRDA:44,40,0,0
BRDA:44,41,0,0
BRDA:44,42,0,18
BRDA:44,43,0,1
BRDA:44,44,0,18
BRDA:44,45,0,5
BRDA:44,46,0,1
BRDA:44,47,0,4
BRDA:44,48,0,0
BRDA:44,49,0,2
BRDA:44,50,0,0
BRDA:16,51,0,2
BRDA:17,52,0,4
BRDA:25,53,0,5
BRDA:44,54,0,5
BRDA:44,55,0,18
BRDA:26,56,0,5
BRDA:44,57,0,5
BRDA:28,58,0,1
BRDA:30,59,0,4
BRDA:44,60,0,4
BRDA:44,61,0,4
BRF:62
BRH:42
end_of_record
TN:
SF:src/modules/users/services/UpdateUserAvatarService.ts
FN:51,__decorate
FN:51,__metadata
FN:51,__param
FN:51,__awaiter
FN:51,adopt
FN:51,fulfilled
FN:51,rejected
FN:51,step
FN:51,__generator
FN:51,sent
FN:51,g.<computed>
FN:51,verb
FN:51,step
FN:51,__importDefault
FN:19,UpdateUserAvatarService
FN:27,UpdateUserAvatarService.execute
FNF:16
FNH:14
FNDA:1,__decorate
FNDA:1,__metadata
FNDA:2,__param
FNDA:4,__awaiter
FNDA:11,adopt
FNDA:11,fulfilled
FNDA:0,rejected
FNDA:14,step
FNDA:4,__generator
FNDA:11,sent
FNDA:0,g.<computed>
FNDA:12,verb
FNDA:15,step
FNDA:1,__importDefault
FNDA:3,UpdateUserAvatarService
FNDA:4,UpdateUserAvatarService.execute
DA:1,1
DA:2,1
DA:3,1
DA:4,1
DA:5,1
DA:6,1
DA:7,1
DA:8,1
DA:9,1
DA:10,1
DA:11,1
DA:12,1
DA:13,1
DA:14,1
DA:15,1
DA:16,1
DA:17,1
DA:18,1
DA:19,1
DA:20,3
DA:21,3
DA:22,3
DA:23,3
DA:24,3
DA:25,3
DA:26,1
DA:27,1
DA:28,4
DA:29,4
DA:30,4
DA:31,1
DA:32,1
DA:33,1
DA:34,1
DA:35,1
DA:36,3
DA:37,3
DA:38,1
DA:39,4
DA:40,4
DA:41,4
DA:42,4
DA:43,4
DA:44,4
DA:45,4
DA:46,4
DA:47,4
DA:48,4
DA:49,1
DA:50,1
DA:51,1
LF:51
LH:51
BRDA:51,0,0,1
BRDA:51,1,0,1
BRDA:51,2,0,0
BRDA:51,3,0,0
BRDA:51,4,0,0
BRDA:51,5,0,0
BRDA:51,6,0,1
BRDA:51,7,0,2
BRDA:51,8,0,2
BRDA:51,9,0,4
BRDA:51,10,0,11
BRDA:51,11,0,0
BRDA:51,12,0,4
BRDA:51,13,0,11
BRDA:51,14,0,1
BRDA:51,15,0,14
BRDA:51,16,0,3
BRDA:51,17,0,11
BRDA:51,18,0,4
BRDA:51,19,0,11
BRDA:51,20,0,0
BRDA:51,21,0,12
BRDA:51,22,0,15
BRDA:51,23,0,15
BRDA:51,24,0,0
BRDA:51,25,0,32
BRDA:51,26,0,0
BRDA:51,27,0,0
BRDA:51,28,0,0
BRDA:51,29,0,0
BRDA:51,30,0,15
BRDA:51,31,0,15
BRDA:51,32,0,11
BRDA:51,33,0,0
BRDA:51,34,0,0
BRDA:51,35,0,6
BRDA:51,36,0,0
BRDA:51,37,0,5
BRDA:51,38,0,4
BRDA:51,39,0,2
BRDA:51,40,0,0
BRDA:51,41,0,2
BRDA:51,42,0,0
BRDA:51,43,0,0
BRDA:51,44,0,0
BRDA:51,45,0,17
BRDA:51,46,0,1
BRDA:51,47,0,17
BRDA:51,48,0,4
BRDA:51,49,0,1
BRDA:51,50,0,3
BRDA:51,51,0,0
BRDA:51,52,0,1
BRDA:51,53,0,0
BRDA:18,54,0,1
BRDA:19,55,0,3
BRDA:27,56,0,4
BRDA:51,57,0,4
BRDA:51,58,0,17
BRDA:28,59,0,4
BRDA:51,60,0,4
BRDA:30,61,0,1
BRDA:35,62,0,3
BRDA:37,63,0,2
BRDA:37,64,0,1
BRDA:51,65,0,1
BRDA:41,66,0,3
BRDA:51,67,0,3
BRDA:51,68,0,3
BRF:69
BRH:49
end_of_record
