TN:
SF:src/modules/appointments/services/CreateAppointmentService.ts
FN:89,__decorate
FN:89,__metadata
FN:89,__param
FN:89,__awaiter
FN:89,adopt
FN:89,fulfilled
FN:89,rejected
FN:89,step
FN:89,__generator
FN:89,sent
FN:89,g.<computed>
FN:89,verb
FN:89,step
FN:89,__importDefault
FN:20,CreateAppointmentService
FN:31,CreateAppointmentService.execute
FNF:16
FNH:14
FNDA:1,__decorate
FNDA:1,__metadata
FNDA:3,__param
FNDA:7,__awaiter
FNDA:6,adopt
FNDA:6,fulfilled
FNDA:0,rejected
FNDA:8,step
FNDA:7,__generator
FNDA:6,sent
FNDA:0,g.<computed>
FNDA:21,verb
FNDA:13,step
FNDA:1,__importDefault
FNDA:5,CreateAppointmentService
FNDA:7,CreateAppointmentService.execute
DA:1,1
DA:2,1
DA:3,1
DA:4,1
DA:5,1
DA:6,1
DA:7,1
DA:8,1
DA:9,1
DA:10,1
DA:11,1
DA:12,1
DA:13,1
DA:14,1
DA:15,1
DA:16,1
DA:17,1
DA:18,1
DA:19,1
DA:20,1
DA:21,5
DA:22,5
DA:23,5
DA:24,5
DA:25,5
DA:26,5
DA:27,5
DA:28,5
DA:29,5
DA:30,1
DA:31,1
DA:32,7
DA:33,7
DA:34,7
DA:35,7
DA:36,7
DA:37,7
DA:38,7
DA:39,3
DA:40,3
DA:41,3
DA:42,3
DA:43,4
DA:44,7
DA:45,1
DA:46,1
DA:47,3
DA:48,7
DA:49,1
DA:50,1
DA:51,1
DA:52,1
DA:53,2
DA:54,2
DA:55,2
DA:56,2
DA:57,7
DA:58,7
DA:59,0
DA:60,0
DA:61,7
DA:62,7
DA:63,7
DA:64,7
DA:65,7
DA:66,7
DA:67,7
DA:68,7
DA:69,7
DA:70,7
DA:71,7
DA:72,7
DA:73,7
DA:74,7
DA:75,7
DA:76,7
DA:77,7
DA:78,7
DA:79,7
DA:80,7
DA:81,7
DA:82,7
DA:83,7
DA:84,7
DA:85,7
DA:86,7
DA:87,1
DA:88,1
DA:89,1
LF:89
LH:87
BRDA:89,0,0,1
BRDA:89,1,0,1
BRDA:89,2,0,0
BRDA:89,3,0,0
BRDA:89,4,0,0
BRDA:89,5,0,0
BRDA:89,6,0,1
BRDA:89,7,0,3
BRDA:89,8,0,3
BRDA:89,9,0,7
BRDA:89,10,0,6
BRDA:89,11,0,0
BRDA:89,12,0,7
BRDA:89,13,0,6
BRDA:89,14,0,0
BRDA:89,15,0,8
BRDA:89,16,0,2
BRDA:89,17,0,6
BRDA:89,18,0,7
BRDA:89,19,0,6
BRDA:89,20,0,0
BRDA:89,21,0,21
BRDA:89,22,0,13
BRDA:89,23,0,13
BRDA:89,24,0,0
BRDA:89,25,0,26
BRDA:89,26,0,0
BRDA:89,27,0,0
BRDA:89,28,0,0
BRDA:89,29,0,0
BRDA:89,30,0,13
BRDA:89,31,0,13
BRDA:89,32,0,6
BRDA:89,33,0,0
BRDA:89,34,0,0
BRDA:89,35,0,7
BRDA:89,36,0,0
BRDA:89,37,0,2
BRDA:89,38,0,0
BRDA:89,39,0,0
BRDA:89,40,0,0
BRDA:89,41,0,0
BRDA:89,42,0,13
BRDA:89,43,0,5
BRDA:89,44,0,13
BRDA:89,45,0,7
BRDA:89,46,0,5
BRDA:89,47,0,2
BRDA:89,48,0,0
BRDA:89,49,0,1
BRDA:89,50,0,0
BRDA:19,51,0,1
BRDA:20,52,0,5
BRDA:31,53,0,7
BRDA:89,54,0,7
BRDA:89,55,0,13
BRDA:89,56,0,7
BRDA:38,57,0,3
BRDA:42,58,0,4
BRDA:44,59,0,1
BRDA:46,60,0,3
BRDA:48,61,0,2
BRDA:48,62,0,1
BRDA:52,63,0,2
BRDA:89,64,0,2
BRDA:58,65,0,0
BRDA:89,66,0,2
BRDA:89,67,0,2
BRF:68
BRH:46
end_of_record
TN:
SF:src/modules/appointments/services/ListProviderAppointmentsService.ts
FN:54,__decorate
FN:54,__metadata
FN:54,__param
FN:54,__awaiter
FN:54,adopt
FN:54,fulfilled
FN:54,rejected
FN:54,step
FN:54,__generator
FN:54,sent
FN:54,g.<computed>
FN:54,verb
FN:54,step
FN:17,ListProviderAppointmentsService
FN:25,ListProviderAppointmentsService.execute
FNF:15
FNH:13
FNDA:1,__decorate
FNDA:1,__metadata
FNDA:2,__param
FNDA:1,__awaiter
FNDA:3,adopt
FNDA:3,fulfilled
FNDA:0,rejected
FNDA:4,step
FNDA:1,__generator
FNDA:3,sent
FNDA:0,g.<computed>
FNDA:3,verb
FNDA:4,step
FNDA:1,ListProviderAppointmentsService
FNDA:1,ListProviderAppointmentsService.execute
DA:1,1
DA:2,1
DA:3,1
DA:4,1
DA:5,1
DA:6,1
DA:7,1
DA:8,1
DA:9,1
DA:10,1
DA:11,1
DA:12,1
DA:13,1
DA:14,1
DA:15,1
DA:16,1
DA:17,1
DA:18,1
DA:19,1
DA:20,1
DA:21,1
DA:22,1
DA:23,1
DA:24,1
DA:25,1
DA:26,1
DA:27,1
DA:28,1
DA:29,1
DA:30,1
DA:31,1
DA:32,1
DA:33,1
DA:34,1
DA:35,1
DA:36,1
DA:37,1
DA:38,1
DA:39,1
DA:40,1
DA:41,1
DA:42,1
DA:43,1
DA:44,1
DA:45,1
DA:46,1
DA:47,1
DA:48,1
DA:49,1
DA:50,1
DA:51,1
DA:52,1
DA:53,1
DA:54,1
LF:54
LH:54
BRDA:54,0,0,1
BRDA:54,1,0,1
BRDA:54,2,0,0
BRDA:54,3,0,0
BRDA:54,4,0,0
BRDA:54,5,0,0
BRDA:54,6,0,1
BRDA:54,7,0,2
BRDA:54,8,0,2
BRDA:54,9,0,1
BRDA:54,10,0,3
BRDA:54,11,0,0
BRDA:54,12,0,1
BRDA:54,13,0,3
BRDA:54,14,0,0
BRDA:54,15,0,4
BRDA:54,16,0,1
BRDA:54,17,0,3
BRDA:54,18,0,1
BRDA:54,19,0,3
BRDA:54,20,0,0
BRDA:54,21,0,3
BRDA:54,22,0,4
BRDA:54,23,0,4
BRDA:54,24,0,0
BRDA:54,25,0,8
BRDA:54,26,0,0
BRDA:54,27,0,0
BRDA:54,28,0,0
BRDA:54,29,0,0
BRDA:54,30,0,4
BRDA:54,31,0,4
BRDA:54,32,0,3
BRDA:54,33,0,0
BRDA:54,34,0,0
BRDA:54,35,0,1
BRDA:54,36,0,0
BRDA:54,37,0,0
BRDA:54,38,0,0
BRDA:54,39,0,0
BRDA:54,40,0,0
BRDA:54,41,0,4
BRDA:54,42,0,0
BRDA:54,43,0,4
BRDA:54,44,0,1
BRDA:54,45,0,0
BRDA:54,46,0,1
BRDA:54,47,0,0
BRDA:16,48,0,1
BRDA:17,49,0,1
BRDA:25,50,0,1
BRDA:54,51,0,1
BRDA:54,52,0,4
BRDA:54,53,0,1
BRDA:54,54,0,1
BRDA:37,55,0,0
BRDA:54,56,0,1
BRDA:54,57,0,1
BRDA:50,58,0,1
BRF:59
BRH:36
end_of_record
TN:
SF:src/modules/appointments/services/ListProviderDayAvailabiltyService.ts
FN:70,__decorate
FN:70,__metadata
FN:70,__param
FN:70,__awaiter
FN:70,adopt
FN:70,fulfilled
FN:70,rejected
FN:70,step
FN:70,__generator
FN:70,sent
FN:70,g.<computed>
FN:70,verb
FN:70,step
FN:25,ListProviderDayAvailability
FN:30,ListProviderDayAvailability.execute
FNF:15
FNH:13
FNDA:1,__decorate
FNDA:1,__metadata
FNDA:1,__param
FNDA:1,__awaiter
FNDA:1,adopt
FNDA:1,fulfilled
FNDA:0,rejected
FNDA:2,step
FNDA:1,__generator
FNDA:1,sent
FNDA:0,g.<computed>
FNDA:3,verb
FNDA:2,step
FNDA:1,ListProviderDayAvailability
FNDA:1,ListProviderDayAvailability.execute
DA:1,1
DA:2,1
DA:3,1
DA:4,1
DA:5,1
DA:6,1
DA:7,1
DA:8,1
DA:9,1
DA:10,1
DA:11,1
DA:12,1
DA:13,1
DA:14,1
DA:15,1
DA:16,1
DA:17,1
DA:18,1
DA:19,1
DA:20,1
DA:21,1
DA:22,1
DA:23,1
DA:24,1
DA:25,1
DA:26,1
DA:27,1
DA:28,1
DA:29,1
DA:30,1
DA:31,1
DA:32,1
DA:33,1
DA:34,1
DA:35,1
DA:36,1
DA:37,1
DA:38,1
DA:39,1
DA:40,1
DA:41,1
DA:42,1
DA:43,1
DA:44,1
DA:45,1
DA:46,1
DA:47,1
DA:48,1
DA:49,1
DA:50,1
DA:51,1
DA:52,10
DA:53,10
DA:54,10
DA:55,10
DA:56,10
DA:57,10
DA:58,10
DA:59,10
DA:60,10
DA:61,10
DA:62,10
DA:63,10
DA:64,1
DA:65,1
DA:66,1
DA:67,1
DA:68,1
DA:69,1
DA:70,1
LF:70
LH:70
BRDA:70,0,0,1
BRDA:70,1,0,1
BRDA:70,2,0,0
BRDA:70,3,0,0
BRDA:70,4,0,0
BRDA:70,5,0,0
BRDA:70,6,0,1
BRDA:70,7,0,1
BRDA:70,8,0,1
BRDA:70,9,0,1
BRDA:70,10,0,1
BRDA:70,11,0,0
BRDA:70,12,0,1
BRDA:70,13,0,1
BRDA:70,14,0,0
BRDA:70,15,0,2
BRDA:70,16,0,1
BRDA:70,17,0,1
BRDA:70,18,0,1
BRDA:70,19,0,1
BRDA:70,20,0,0
BRDA:70,21,0,3
BRDA:70,22,0,2
BRDA:70,23,0,2
BRDA:70,24,0,0
BRDA:70,25,0,4
BRDA:70,26,0,0
BRDA:70,27,0,0
BRDA:70,28,0,0
BRDA:70,29,0,0
BRDA:70,30,0,2
BRDA:70,31,0,2
BRDA:70,32,0,1
BRDA:70,33,0,0
BRDA:70,34,0,0
BRDA:70,35,0,1
BRDA:70,36,0,0
BRDA:70,37,0,0
BRDA:70,38,0,0
BRDA:70,39,0,0
BRDA:70,40,0,0
BRDA:70,41,0,2
BRDA:70,42,0,0
BRDA:70,43,0,2
BRDA:70,44,0,1
BRDA:70,45,0,0
BRDA:70,46,0,1
BRDA:70,47,0,0
BRDA:24,48,0,1
BRDA:25,49,0,1
BRDA:30,50,0,1
BRDA:70,51,0,1
BRDA:70,52,0,2
BRDA:36,53,0,1
BRDA:70,54,0,1
BRDA:48,55,0,10
BRDA:51,56,0,10
BRDA:62,57,0,8
BRDA:53,58,0,19
BRF:59
BRH:37
end_of_record
TN:
SF:src/modules/appointments/services/ListProviderMonthAvailability.ts
FN:63,__decorate
FN:63,__metadata
FN:63,__param
FN:63,__awaiter
FN:63,adopt
FN:63,fulfilled
FN:63,rejected
FN:63,step
FN:63,__generator
FN:63,sent
FN:63,g.<computed>
FN:63,verb
FN:63,step
FN:23,ListProviderMonthAvailability
FN:28,ListProviderMonthAvailability.execute
FNF:15
FNH:13
FNDA:1,__decorate
FNDA:1,__metadata
FNDA:1,__param
FNDA:1,__awaiter
FNDA:1,adopt
FNDA:1,fulfilled
FNDA:0,rejected
FNDA:2,step
FNDA:1,__generator
FNDA:1,sent
FNDA:0,g.<computed>
FNDA:3,verb
FNDA:2,step
FNDA:1,ListProviderMonthAvailability
FNDA:1,ListProviderMonthAvailability.execute
DA:1,1
DA:2,1
DA:3,1
DA:4,1
DA:5,1
DA:6,1
DA:7,1
DA:8,1
DA:9,1
DA:10,1
DA:11,1
DA:12,1
DA:13,1
DA:14,1
DA:15,1
DA:16,1
DA:17,1
DA:18,1
DA:19,1
DA:20,1
DA:21,1
DA:22,1
DA:23,1
DA:24,1
DA:25,1
DA:26,1
DA:27,1
DA:28,1
DA:29,1
DA:30,1
DA:31,1
DA:32,1
DA:33,1
DA:34,1
DA:35,1
DA:36,1
DA:37,1
DA:38,1
DA:39,1
DA:40,1
DA:41,1
DA:42,1
DA:43,1
DA:44,1
DA:45,1
DA:46,1
DA:47,1
DA:48,1
DA:49,31
DA:50,341
DA:51,31
DA:52,31
DA:53,31
DA:54,31
DA:55,31
DA:56,31
DA:57,1
DA:58,1
DA:59,1
DA:60,1
DA:61,1
DA:62,1
DA:63,1
LF:63
LH:63
BRDA:63,0,0,1
BRDA:63,1,0,1
BRDA:63,2,0,0
BRDA:63,3,0,0
BRDA:63,4,0,0
BRDA:63,5,0,0
BRDA:63,6,0,1
BRDA:63,7,0,1
BRDA:63,8,0,1
BRDA:63,9,0,1
BRDA:63,10,0,1
BRDA:63,11,0,0
BRDA:63,12,0,1
BRDA:63,13,0,1
BRDA:63,14,0,0
BRDA:63,15,0,2
BRDA:63,16,0,1
BRDA:63,17,0,1
BRDA:63,18,0,1
BRDA:63,19,0,1
BRDA:63,20,0,0
BRDA:63,21,0,3
BRDA:63,22,0,2
BRDA:63,23,0,2
BRDA:63,24,0,0
BRDA:63,25,0,4
BRDA:63,26,0,0
BRDA:63,27,0,0
BRDA:63,28,0,0
BRDA:63,29,0,0
BRDA:63,30,0,2
BRDA:63,31,0,2
BRDA:63,32,0,1
BRDA:63,33,0,0
BRDA:63,34,0,0
BRDA:63,35,0,1
BRDA:63,36,0,0
BRDA:63,37,0,0
BRDA:63,38,0,0
BRDA:63,39,0,0
BRDA:63,40,0,0
BRDA:63,41,0,2
BRDA:63,42,0,0
BRDA:63,43,0,2
BRDA:63,44,0,1
BRDA:63,45,0,0
BRDA:63,46,0,1
BRDA:63,47,0,0
BRDA:22,48,0,1
BRDA:23,49,0,1
BRDA:28,50,0,1
BRDA:63,51,0,1
BRDA:63,52,0,2
BRDA:33,53,0,1
BRDA:63,54,0,1
BRDA:45,55,0,31
BRDA:48,56,0,31
BRDA:49,57,0,341
BRF:58
BRH:36
end_of_record
TN:
SF:src/modules/appointments/services/ListProvidersService.ts
FN:38,__decorate
FN:38,__metadata
FN:38,__param
FN:38,__awaiter
FN:38,adopt
FN:38,fulfilled
FN:38,rejected
FN:38,step
FN:38,__generator
FN:38,sent
FN:38,g.<computed>
FN:38,verb
FN:38,step
FN:13,ListProvidersService
FN:21,ListProvidersService.execute
FNF:15
FNH:13
FNDA:1,__decorate
FNDA:1,__metadata
FNDA:2,__param
FNDA:1,__awaiter
FNDA:3,adopt
FNDA:3,fulfilled
FNDA:0,rejected
FNDA:4,step
FNDA:1,__generator
FNDA:3,sent
FNDA:0,g.<computed>
FNDA:3,verb
FNDA:4,step
FNDA:1,ListProvidersService
FNDA:1,ListProvidersService.execute
DA:1,1
DA:2,1
DA:3,1
DA:4,1
DA:5,1
DA:6,1
DA:7,1
DA:8,1
DA:9,1
DA:10,1
DA:11,1
DA:12,1
DA:13,1
DA:14,1
DA:15,1
DA:16,1
DA:17,1
DA:18,1
DA:19,1
DA:20,1
DA:21,1
DA:22,1
DA:23,1
DA:24,1
DA:25,1
DA:26,1
DA:27,1
DA:28,1
DA:29,1
DA:30,1
DA:31,1
DA:32,1
DA:33,1
DA:34,1
DA:35,1
DA:36,1
DA:37,1
DA:38,1
LF:38
LH:38
BRDA:38,0,0,1
BRDA:38,1,0,1
BRDA:38,2,0,0
BRDA:38,3,0,0
BRDA:38,4,0,0
BRDA:38,5,0,0
BRDA:38,6,0,1
BRDA:38,7,0,2
BRDA:38,8,0,2
BRDA:38,9,0,1
BRDA:38,10,0,3
BRDA:38,11,0,0
BRDA:38,12,0,1
BRDA:38,13,0,3
BRDA:38,14,0,0
BRDA:38,15,0,4
BRDA:38,16,0,1
BRDA:38,17,0,3
BRDA:38,18,0,1
BRDA:38,19,0,3
BRDA:38,20,0,0
BRDA:38,21,0,3
BRDA:38,22,0,4
BRDA:38,23,0,4
BRDA:38,24,0,0
BRDA:38,25,0,8
BRDA:38,26,0,0
BRDA:38,27,0,0
BRDA:38,28,0,0
BRDA:38,29,0,0
BRDA:38,30,0,4
BRDA:38,31,0,4
BRDA:38,32,0,3
BRDA:38,33,0,0
BRDA:38,34,0,0
BRDA:38,35,0,1
BRDA:38,36,0,0
BRDA:38,37,0,0
BRDA:38,38,0,0
BRDA:38,39,0,0
BRDA:38,40,0,0
BRDA:38,41,0,4
BRDA:38,42,0,0
BRDA:38,43,0,4
BRDA:38,44,0,1
BRDA:38,45,0,0
BRDA:38,46,0,1
BRDA:38,47,0,0
BRDA:12,48,0,1
BRDA:13,49,0,1
BRDA:21,50,0,1
BRDA:38,51,0,1
BRDA:38,52,0,4
BRDA:22,53,0,1
BRDA:38,54,0,1
BRDA:26,55,0,0
BRDA:38,56,0,1
BRDA:38,57,0,1
BRDA:34,58,0,1
BRF:59
BRH:36
end_of_record
TN:
SF:src/modules/users/services/AuthenticateUserService.ts
FN:59,__decorate
FN:59,__metadata
FN:59,__param
FN:59,__awaiter
FN:59,adopt
FN:59,fulfilled
FN:59,rejected
FN:59,step
FN:59,__generator
FN:59,sent
FN:59,g.<computed>
FN:59,verb
FN:59,step
FN:59,__importDefault
FN:24,AuthenticateUserService
FN:32,AuthenticateUserService.execute
FNF:16
FNH:14
FNDA:1,__decorate
FNDA:1,__metadata
FNDA:2,__param
FNDA:3,__awaiter
FNDA:5,adopt
FNDA:5,fulfilled
FNDA:0,rejected
FNDA:6,step
FNDA:3,__generator
FNDA:5,sent
FNDA:0,g.<computed>
FNDA:9,verb
FNDA:8,step
FNDA:2,__importDefault
FNDA:3,AuthenticateUserService
FNDA:3,AuthenticateUserService.execute
DA:1,1
DA:2,1
DA:3,1
DA:4,1
DA:5,1
DA:6,1
DA:7,1
DA:8,1
DA:9,1
DA:10,1
DA:11,1
DA:12,1
DA:13,1
DA:14,1
DA:15,1
DA:16,1
DA:17,1
DA:18,1
DA:19,1
DA:20,1
DA:21,1
DA:22,1
DA:23,1
DA:24,1
DA:25,3
DA:26,3
DA:27,3
DA:28,3
DA:29,3
DA:30,3
DA:31,1
DA:32,1
DA:33,3
DA:34,3
DA:35,3
DA:36,1
DA:37,1
DA:38,2
DA:39,2
DA:40,2
DA:41,2
DA:42,2
DA:43,3
DA:44,3
DA:45,1
DA:46,1
DA:47,1
DA:48,1
DA:49,1
DA:50,1
DA:51,1
DA:52,1
DA:53,1
DA:54,1
DA:55,1
DA:56,3
DA:57,1
DA:58,1
DA:59,1
LF:59
LH:59
BRDA:59,0,0,1
BRDA:59,1,0,1
BRDA:59,2,0,0
BRDA:59,3,0,0
BRDA:59,4,0,0
BRDA:59,5,0,0
BRDA:59,6,0,1
BRDA:59,7,0,2
BRDA:59,8,0,2
BRDA:59,9,0,3
BRDA:59,10,0,5
BRDA:59,11,0,0
BRDA:59,12,0,3
BRDA:59,13,0,5
BRDA:59,14,0,2
BRDA:59,15,0,6
BRDA:59,16,0,1
BRDA:59,17,0,5
BRDA:59,18,0,3
BRDA:59,19,0,5
BRDA:59,20,0,0
BRDA:59,21,0,9
BRDA:59,22,0,8
BRDA:59,23,0,8
BRDA:59,24,0,0
BRDA:59,25,0,16
BRDA:59,26,0,0
BRDA:59,27,0,0
BRDA:59,28,0,0
BRDA:59,29,0,0
BRDA:59,30,0,8
BRDA:59,31,0,8
BRDA:59,32,0,5
BRDA:59,33,0,0
BRDA:59,34,0,0
BRDA:59,35,0,3
BRDA:59,36,0,0
BRDA:59,37,0,1
BRDA:59,38,0,0
BRDA:59,39,0,0
BRDA:59,40,0,0
BRDA:59,41,0,0
BRDA:59,42,0,8
BRDA:59,43,0,2
BRDA:59,44,0,8
BRDA:59,45,0,3
BRDA:59,46,0,2
BRDA:59,47,0,1
BRDA:59,48,0,0
BRDA:59,49,0,2
BRDA:59,50,0,0
BRDA:23,51,0,1
BRDA:24,52,0,3
BRDA:32,53,0,3
BRDA:59,54,0,3
BRDA:59,55,0,8
BRDA:33,56,0,3
BRDA:59,57,0,3
BRDA:35,58,0,1
BRDA:37,59,0,2
BRDA:59,60,0,2
BRDA:44,61,0,1
BRF:62
BRH:42
end_of_record
TN:
SF:src/modules/users/services/CreateUserService.ts
FN:50,__decorate
FN:50,__metadata
FN:50,__param
FN:50,__awaiter
FN:50,adopt
FN:50,fulfilled
FN:50,rejected
FN:50,step
FN:50,__generator
FN:50,sent
FN:50,g.<computed>
FN:50,verb
FN:50,step
FN:50,__importDefault
FN:18,CreateUserService
FN:29,CreateUserService.execute
FNF:16
FNH:14
FNDA:1,__decorate
FNDA:1,__metadata
FNDA:3,__param
FNDA:3,__awaiter
FNDA:9,adopt
FNDA:9,fulfilled
FNDA:0,rejected
FNDA:11,step
FNDA:3,__generator
FNDA:9,sent
FNDA:0,g.<computed>
FNDA:9,verb
FNDA:12,step
FNDA:1,__importDefault
FNDA:2,CreateUserService
FNDA:3,CreateUserService.execute
DA:1,1
DA:2,1
DA:3,1
DA:4,1
DA:5,1
DA:6,1
DA:7,1
DA:8,1
DA:9,1
DA:10,1
DA:11,1
DA:12,1
DA:13,1
DA:14,1
DA:15,1
DA:16,1
DA:17,1
DA:18,1
DA:19,2
DA:20,2
DA:21,2
DA:22,2
DA:23,2
DA:24,2
DA:25,2
DA:26,2
DA:27,2
DA:28,1
DA:29,1
DA:30,3
DA:31,3
DA:32,3
DA:33,1
DA:34,1
DA:35,2
DA:36,2
DA:37,3
DA:38,3
DA:39,3
DA:40,3
DA:41,3
DA:42,3
DA:43,3
DA:44,3
DA:45,3
DA:46,3
DA:47,3
DA:48,1
DA:49,1
DA:50,1
LF:50
LH:50
BRDA:50,0,0,1
BRDA:50,1,0,1
BRDA:50,2,0,0
BRDA:50,3,0,0
BRDA:50,4,0,0
BRDA:50,5,0,0
BRDA:50,6,0,1
BRDA:50,7,0,3
BRDA:50,8,0,3
BRDA:50,9,0,3
BRDA:50,10,0,9
BRDA:50,11,0,0
BRDA:50,12,0,3
BRDA:50,13,0,9
BRDA:50,14,0,1
BRDA:50,15,0,11
BRDA:50,16,0,2
BRDA:50,17,0,9
BRDA:50,18,0,3
BRDA:50,19,0,9
BRDA:50,20,0,0
BRDA:50,21,0,9
BRDA:50,22,0,12
BRDA:50,23,0,12
BRDA:50,24,0,0
BRDA:50,25,0,24
BRDA:50,26,0,0
BRDA:50,27,0,0
BRDA:50,28,0,0
BRDA:50,29,0,0
BRDA:50,30,0,12
BRDA:50,31,0,12
BRDA:50,32,0,9
BRDA:50,33,0,0
BRDA:50,34,0,0
BRDA:50,35,0,3
BRDA:50,36,0,0
BRDA:50,37,0,2
BRDA:50,38,0,0
BRDA:50,39,0,0
BRDA:50,40,0,0
BRDA:50,41,0,0
BRDA:50,42,0,12
BRDA:50,43,0,1
BRDA:50,44,0,12
BRDA:50,45,0,3
BRDA:50,46,0,1
BRDA:50,47,0,2
BRDA:50,48,0,0
BRDA:50,49,0,1
BRDA:50,50,0,0
BRDA:17,51,0,1
BRDA:18,52,0,2
BRDA:29,53,0,3
BRDA:50,54,0,3
BRDA:50,55,0,12
BRDA:30,56,0,3
BRDA:50,57,0,3
BRDA:32,58,0,1
BRDA:34,59,0,2
BRDA:50,60,0,2
BRDA:50,61,0,2
BRDA:50,62,0,2
BRF:63
BRH:43
end_of_record
TN:
SF:src/modules/users/services/ResetPasswordService.ts
FN:53,__decorate
FN:53,__metadata
FN:53,__param
FN:53,__awaiter
FN:53,adopt
FN:53,fulfilled
FN:53,rejected
FN:53,step
FN:53,__generator
FN:53,sent
FN:53,g.<computed>
FN:53,verb
FN:53,step
FN:53,__importDefault
FN:16,ResetPasswordService
FN:27,ResetPasswordService.execute
FNF:16
FNH:14
FNDA:1,__decorate
FNDA:1,__metadata
FNDA:3,__param
FNDA:4,__awaiter
FNDA:9,adopt
FNDA:9,fulfilled
FNDA:0,rejected
FNDA:10,step
FNDA:4,__generator
FNDA:9,sent
FNDA:0,g.<computed>
FNDA:12,verb
FNDA:13,step
FNDA:1,__importDefault
FNDA:4,ResetPasswordService
FNDA:4,ResetPasswordService.execute
DA:1,1
DA:2,1
DA:3,1
DA:4,1
DA:5,1
DA:6,1
DA:7,1
DA:8,1
DA:9,1
DA:10,1
DA:11,1
DA:12,1
DA:13,1
DA:14,1
DA:15,1
DA:16,1
DA:17,4
DA:18,4
DA:19,4
DA:20,4
DA:21,4
DA:22,4
DA:23,4
DA:24,4
DA:25,4
DA:26,1
DA:27,1
DA:28,4
DA:29,4
DA:30,4
DA:31,1
DA:32,1
DA:33,3
DA:34,4
DA:35,4
DA:36,4
DA:37,1
DA:38,1
DA:39,2
DA:40,2
DA:41,2
DA:42,2
DA:43,4
DA:44,1
DA:45,1
DA:46,1
DA:47,1
DA:48,4
DA:49,4
DA:50,4
DA:51,1
DA:52,1
DA:53,1
LF:53
LH:53
BRDA:53,0,0,1
BRDA:53,1,0,1
BRDA:53,2,0,0
BRDA:53,3,0,0
BRDA:53,4,0,0
BRDA:53,5,0,0
BRDA:53,6,0,1
BRDA:53,7,0,3
BRDA:53,8,0,3
BRDA:53,9,0,4
BRDA:53,10,0,9
BRDA:53,11,0,0
BRDA:53,12,0,4
BRDA:53,13,0,9
BRDA:53,14,0,3
BRDA:53,15,0,10
BRDA:53,16,0,1
BRDA:53,17,0,9
BRDA:53,18,0,4
BRDA:53,19,0,9
BRDA:53,20,0,0
BRDA:53,21,0,12
BRDA:53,22,0,13
BRDA:53,23,0,13
BRDA:53,24,0,0
BRDA:53,25,0,26
BRDA:53,26,0,0
BRDA:53,27,0,0
BRDA:53,28,0,0
BRDA:53,29,0,0
BRDA:53,30,0,13
BRDA:53,31,0,13
BRDA:53,32,0,9
BRDA:53,33,0,0
BRDA:53,34,0,0
BRDA:53,35,0,4
BRDA:53,36,0,0
BRDA:53,37,0,1
BRDA:53,38,0,0
BRDA:53,39,0,0
BRDA:53,40,0,0
BRDA:53,41,0,0
BRDA:53,42,0,13
BRDA:53,43,0,3
BRDA:53,44,0,13
BRDA:53,45,0,4
BRDA:53,46,0,3
BRDA:53,47,0,1
BRDA:53,48,0,0
BRDA:53,49,0,1
BRDA:53,50,0,0
BRDA:15,51,0,1
BRDA:16,52,0,4
BRDA:27,53,0,4
BRDA:53,54,0,4
BRDA:53,55,0,13
BRDA:28,56,0,4
BRDA:53,57,0,4
BRDA:30,58,0,1
BRDA:32,59,0,3
BRDA:34,60,0,0
BRDA:34,61,0,3
BRDA:53,62,0,3
BRDA:36,63,0,1
BRDA:38,64,0,2
BRDA:43,65,0,1
BRDA:53,66,0,1
BRDA:53,67,0,1
BRF:68
BRH:47
end_of_record
TN:
SF:src/modules/users/services/SendForgotPasswordEmailService.ts
FN:60,__decorate
FN:60,__metadata
FN:60,__param
FN:60,__awaiter
FN:60,adopt
FN:60,fulfilled
FN:60,rejected
FN:60,step
FN:60,__generator
FN:60,sent
FN:60,g.<computed>
FN:60,verb
FN:60,step
FN:60,__importDefault
FN:15,SendForgotPasswordEmailService
FN:26,SendForgotPasswordEmailService.execute
FNF:16
FNH:14
FNDA:1,__decorate
FNDA:1,__metadata
FNDA:3,__param
FNDA:3,__awaiter
FNDA:7,adopt
FNDA:7,fulfilled
FNDA:0,rejected
FNDA:9,step
FNDA:3,__generator
FNDA:7,sent
FNDA:0,g.<computed>
FNDA:9,verb
FNDA:10,step
FNDA:2,__importDefault
FNDA:3,SendForgotPasswordEmailService
FNDA:3,SendForgotPasswordEmailService.execute
DA:1,1
DA:2,1
DA:3,1
DA:4,1
DA:5,1
DA:6,1
DA:7,1
DA:8,1
DA:9,1
DA:10,1
DA:11,1
DA:12,1
DA:13,1
DA:14,1
DA:15,1
DA:16,3
DA:17,3
DA:18,3
DA:19,3
DA:20,3
DA:21,3
DA:22,3
DA:23,3
DA:24,3
DA:25,1
DA:26,1
DA:27,3
DA:28,3
DA:29,3
DA:30,1
DA:31,1
DA:32,2
DA:33,2
DA:34,3
DA:35,3
DA:36,3
DA:37,3
DA:38,3
DA:39,3
DA:40,3
DA:41,3
DA:42,3
DA:43,3
DA:44,3
DA:45,3
DA:46,3
DA:47,3
DA:48,3
DA:49,3
DA:50,3
DA:51,3
DA:52,3
DA:53,3
DA:54,3
DA:55,3
DA:56,3
DA:57,3
DA:58,1
DA:59,1
DA:60,1
LF:60
LH:60
BRDA:60,0,0,1
BRDA:60,1,0,1
BRDA:60,2,0,0
BRDA:60,3,0,0
BRDA:60,4,0,0
BRDA:60,5,0,0
BRDA:60,6,0,1
BRDA:60,7,0,3
BRDA:60,8,0,3
BRDA:60,9,0,3
BRDA:60,10,0,7
BRDA:60,11,0,0
BRDA:60,12,0,3
BRDA:60,13,0,7
BRDA:60,14,0,1
BRDA:60,15,0,9
BRDA:60,16,0,2
BRDA:60,17,0,7
BRDA:60,18,0,3
BRDA:60,19,0,7
BRDA:60,20,0,0
BRDA:60,21,0,9
BRDA:60,22,0,10
BRDA:60,23,0,10
BRDA:60,24,0,0
BRDA:60,25,0,20
BRDA:60,26,0,0
BRDA:60,27,0,0
BRDA:60,28,0,0
BRDA:60,29,0,0
BRDA:60,30,0,10
BRDA:60,31,0,10
BRDA:60,32,0,7
BRDA:60,33,0,0
BRDA:60,34,0,0
BRDA:60,35,0,3
BRDA:60,36,0,0
BRDA:60,37,0,2
BRDA:60,38,0,0
BRDA:60,39,0,0
BRDA:60,40,0,0
BRDA:60,41,0,0
BRDA:60,42,0,10
BRDA:60,43,0,1
BRDA:60,44,0,10
BRDA:60,45,0,3
BRDA:60,46,0,1
BRDA:60,47,0,2
BRDA:60,48,0,0
BRDA:60,49,0,2
BRDA:60,50,0,1
BRDA:60,51,0,1
BRDA:14,52,0,1
BRDA:15,53,0,3
BRDA:26,54,0,3
BRDA:60,55,0,3
BRDA:60,56,0,10
BRDA:27,57,0,3
BRDA:60,58,0,3
BRDA:29,59,0,1
BRDA:31,60,0,2
BRDA:60,61,0,2
BRDA:60,62,0,2
BRF:63
BRH:44
end_of_record
TN:
SF:src/modules/users/services/ShowProfileService.ts
FN:30,__decorate
FN:30,__metadata
FN:30,__param
FN:30,__awaiter
FN:30,adopt
FN:30,fulfilled
FN:30,rejected
FN:30,step
FN:30,__generator
FN:30,sent
FN:30,g.<computed>
FN:30,verb
FN:30,step
FN:30,__importDefault
FN:14,ShowProfileService
FN:19,ShowProfileService.execute
FNF:16
FNH:14
FNDA:1,__decorate
FNDA:1,__metadata
FNDA:1,__param
FNDA:2,__awaiter
FNDA:2,adopt
FNDA:2,fulfilled
FNDA:0,rejected
FNDA:3,step
FNDA:2,__generator
FNDA:2,sent
FNDA:0,g.<computed>
FNDA:6,verb
FNDA:4,step
FNDA:1,__importDefault
FNDA:2,ShowProfileService
FNDA:2,ShowProfileService.execute
DA:1,1
DA:2,1
DA:3,1
DA:4,1
DA:5,1
DA:6,1
DA:7,1
DA:8,1
DA:9,1
DA:10,1
DA:11,1
DA:12,1
DA:13,1
DA:14,1
DA:15,2
DA:16,2
DA:17,2
DA:18,1
DA:19,1
DA:20,2
DA:21,2
DA:22,2
DA:23,1
DA:24,1
DA:25,1
DA:26,1
DA:27,2
DA:28,1
DA:29,1
DA:30,1
LF:30
LH:30
BRDA:30,0,0,1
BRDA:30,1,0,1
BRDA:30,2,0,0
BRDA:30,3,0,0
BRDA:30,4,0,0
BRDA:30,5,0,0
BRDA:30,6,0,1
BRDA:30,7,0,1
BRDA:30,8,0,1
BRDA:30,9,0,2
BRDA:30,10,0,2
BRDA:30,11,0,0
BRDA:30,12,0,2
BRDA:30,13,0,2
BRDA:30,14,0,1
BRDA:30,15,0,3
BRDA:30,16,0,1
BRDA:30,17,0,2
BRDA:30,18,0,2
BRDA:30,19,0,2
BRDA:30,20,0,0
BRDA:30,21,0,6
BRDA:30,22,0,4
BRDA:30,23,0,4
BRDA:30,24,0,0
BRDA:30,25,0,8
BRDA:30,26,0,0
BRDA:30,27,0,0
BRDA:30,28,0,0
BRDA:30,29,0,0
BRDA:30,30,0,4
BRDA:30,31,0,4
BRDA:30,32,0,2
BRDA:30,33,0,0
BRDA:30,34,0,0
BRDA:30,35,0,2
BRDA:30,36,0,0
BRDA:30,37,0,1
BRDA:30,38,0,0
BRDA:30,39,0,0
BRDA:30,40,0,0
BRDA:30,41,0,0
BRDA:30,42,0,4
BRDA:30,43,0,1
BRDA:30,44,0,4
BRDA:30,45,0,2
BRDA:30,46,0,1
BRDA:30,47,0,0
BRDA:30,48,0,1
BRDA:30,49,0,0
BRDA:13,50,0,1
BRDA:14,51,0,2
BRDA:19,52,0,2
BRDA:30,53,0,2
BRDA:30,54,0,4
BRDA:20,55,0,2
BRDA:30,56,0,2
BRDA:22,57,0,1
BRF:58
BRH:38
end_of_record
TN:
SF:src/modules/users/services/UpdateProfileService.ts
FN:74,__decorate
FN:74,__metadata
FN:74,__param
FN:74,__awaiter
FN:74,adopt
FN:74,fulfilled
FN:74,rejected
FN:74,step
FN:74,__generator
FN:74,sent
FN:74,g.<computed>
FN:74,verb
FN:74,step
FN:74,__importDefault
FN:19,UpdateProfileService
FN:27,UpdateProfileService.execute
FNF:16
FNH:14
FNDA:1,__decorate
FNDA:1,__metadata
FNDA:2,__param
FNDA:6,__awaiter
FNDA:14,adopt
FNDA:14,fulfilled
FNDA:0,rejected
FNDA:16,step
FNDA:6,__generator
FNDA:14,sent
FNDA:0,g.<computed>
FNDA:18,verb
FNDA:20,step
FNDA:1,__importDefault
FNDA:6,UpdateProfileService
FNDA:6,UpdateProfileService.execute
DA:1,1
DA:2,1
DA:3,1
DA:4,1
DA:5,1
DA:6,1
DA:7,1
DA:8,1
DA:9,1
DA:10,1
DA:11,1
DA:12,1
DA:13,1
DA:14,1
DA:15,1
DA:16,1
DA:17,1
DA:18,1
DA:19,1
DA:20,6
DA:21,6
DA:22,6
DA:23,6
DA:24,6
DA:25,6
DA:26,1
DA:27,1
DA:28,6
DA:29,6
DA:30,6
DA:31,6
DA:32,6
DA:33,6
DA:34,6
DA:35,6
DA:36,6
DA:37,1
DA:38,1
DA:39,5
DA:40,5
DA:41,5
DA:42,5
DA:43,6
DA:44,6
DA:45,1
DA:46,1
DA:47,4
DA:48,4
DA:49,4
DA:50,4
DA:51,6
DA:52,1
DA:53,1
DA:54,1
DA:55,1
DA:56,3
DA:57,6
DA:58,2
DA:59,2
DA:60,2
DA:61,2
DA:62,6
DA:63,6
DA:64,1
DA:65,1
DA:66,1
DA:67,1
DA:68,6
DA:69,6
DA:70,6
DA:71,6
DA:72,1
DA:73,1
DA:74,1
LF:74
LH:74
BRDA:74,0,0,1
BRDA:74,1,0,1
BRDA:74,2,0,0
BRDA:74,3,0,0
BRDA:74,4,0,0
BRDA:74,5,0,0
BRDA:74,6,0,1
BRDA:74,7,0,2
BRDA:74,8,0,2
BRDA:74,9,0,6
BRDA:74,10,0,14
BRDA:74,11,0,0
BRDA:74,12,0,6
BRDA:74,13,0,14
BRDA:74,14,0,4
BRDA:74,15,0,16
BRDA:74,16,0,2
BRDA:74,17,0,14
BRDA:74,18,0,6
BRDA:74,19,0,14
BRDA:74,20,0,0
BRDA:74,21,0,18
BRDA:74,22,0,20
BRDA:74,23,0,20
BRDA:74,24,0,0
BRDA:74,25,0,41
BRDA:74,26,0,0
BRDA:74,27,0,0
BRDA:74,28,0,0
BRDA:74,29,0,0
BRDA:74,30,0,20
BRDA:74,31,0,20
BRDA:74,32,0,14
BRDA:74,33,0,0
BRDA:74,34,0,0
BRDA:74,35,0,7
BRDA:74,36,0,0
BRDA:74,37,0,3
BRDA:74,38,0,6
BRDA:74,39,0,1
BRDA:74,40,0,0
BRDA:74,41,0,1
BRDA:74,42,0,0
BRDA:74,43,0,0
BRDA:74,44,0,0
BRDA:74,45,0,21
BRDA:74,46,0,4
BRDA:74,47,0,21
BRDA:74,48,0,6
BRDA:74,49,0,4
BRDA:74,50,0,2
BRDA:74,51,0,0
BRDA:74,52,0,1
BRDA:74,53,0,0
BRDA:18,54,0,1
BRDA:19,55,0,6
BRDA:27,56,0,6
BRDA:74,57,0,6
BRDA:74,58,0,21
BRDA:34,59,0,6
BRDA:74,60,0,6
BRDA:36,61,0,1
BRDA:38,62,0,5
BRDA:74,63,0,5
BRDA:44,64,0,1
BRDA:44,65,0,1
BRDA:46,66,0,4
BRDA:51,67,0,3
BRDA:51,68,0,1
BRDA:55,69,0,3
BRDA:57,70,0,2
BRDA:57,71,0,1
BRDA:57,72,0,2
BRDA:74,73,0,2
BRDA:63,74,0,1
BRDA:74,75,0,1
BRDA:70,76,0,2
BRF:77
BRH:57
end_of_record
TN:
SF:src/modules/users/services/UpdateUserAvatarService.ts
FN:48,__decorate
FN:48,__metadata
FN:48,__param
FN:48,__awaiter
FN:48,adopt
FN:48,fulfilled
FN:48,rejected
FN:48,step
FN:48,__generator
FN:48,sent
FN:48,g.<computed>
FN:48,verb
FN:48,step
FN:48,__importDefault
FN:16,UpdateUserAvatarService
FN:24,UpdateUserAvatarService.execute
FNF:16
FNH:14
FNDA:1,__decorate
FNDA:1,__metadata
FNDA:2,__param
FNDA:4,__awaiter
FNDA:11,adopt
FNDA:11,fulfilled
FNDA:0,rejected
FNDA:14,step
FNDA:4,__generator
FNDA:11,sent
FNDA:0,g.<computed>
FNDA:12,verb
FNDA:15,step
FNDA:1,__importDefault
FNDA:3,UpdateUserAvatarService
FNDA:4,UpdateUserAvatarService.execute
DA:1,1
DA:2,1
DA:3,1
DA:4,1
DA:5,1
DA:6,1
DA:7,1
DA:8,1
DA:9,1
DA:10,1
DA:11,1
DA:12,1
DA:13,1
DA:14,1
DA:15,1
DA:16,1
DA:17,3
DA:18,3
DA:19,3
DA:20,3
DA:21,3
DA:22,3
DA:23,1
DA:24,1
DA:25,4
DA:26,4
DA:27,4
DA:28,1
DA:29,1
DA:30,1
DA:31,1
DA:32,1
DA:33,3
DA:34,3
DA:35,1
DA:36,4
DA:37,4
DA:38,4
DA:39,4
DA:40,4
DA:41,4
DA:42,4
DA:43,4
DA:44,4
DA:45,4
DA:46,1
DA:47,1
DA:48,1
LF:48
LH:48
BRDA:48,0,0,1
BRDA:48,1,0,1
BRDA:48,2,0,0
BRDA:48,3,0,0
BRDA:48,4,0,0
BRDA:48,5,0,0
BRDA:48,6,0,1
BRDA:48,7,0,2
BRDA:48,8,0,2
BRDA:48,9,0,4
BRDA:48,10,0,11
BRDA:48,11,0,0
BRDA:48,12,0,4
BRDA:48,13,0,11
BRDA:48,14,0,1
BRDA:48,15,0,14
BRDA:48,16,0,3
BRDA:48,17,0,11
BRDA:48,18,0,4
BRDA:48,19,0,11
BRDA:48,20,0,0
BRDA:48,21,0,12
BRDA:48,22,0,15
BRDA:48,23,0,15
BRDA:48,24,0,0
BRDA:48,25,0,32
BRDA:48,26,0,0
BRDA:48,27,0,0
BRDA:48,28,0,0
BRDA:48,29,0,0
BRDA:48,30,0,15
BRDA:48,31,0,15
BRDA:48,32,0,11
BRDA:48,33,0,0
BRDA:48,34,0,0
BRDA:48,35,0,6
BRDA:48,36,0,0
BRDA:48,37,0,5
BRDA:48,38,0,4
BRDA:48,39,0,2
BRDA:48,40,0,0
BRDA:48,41,0,2
BRDA:48,42,0,0
BRDA:48,43,0,0
BRDA:48,44,0,0
BRDA:48,45,0,17
BRDA:48,46,0,1
BRDA:48,47,0,17
BRDA:48,48,0,4
BRDA:48,49,0,1
BRDA:48,50,0,3
BRDA:48,51,0,0
BRDA:48,52,0,1
BRDA:48,53,0,0
BRDA:15,54,0,1
BRDA:16,55,0,3
BRDA:24,56,0,4
BRDA:48,57,0,4
BRDA:48,58,0,17
BRDA:25,59,0,4
BRDA:48,60,0,4
BRDA:27,61,0,1
BRDA:32,62,0,3
BRDA:34,63,0,2
BRDA:34,64,0,1
BRDA:48,65,0,1
BRDA:38,66,0,3
BRDA:48,67,0,3
BRDA:48,68,0,3
BRF:69
BRH:49
end_of_record
